This is pdfTeX, Version 3.14159265-2.6-1.40.16 (TeX Live 2015/Debian) (preloaded format=pdflatex 2016.11.8)  15 APR 2017 19:11
entering extended mode
 restricted \write18 enabled.
 %&-line parsing enabled.
**smart_ps4.tex
(./smart_ps4.tex
LaTeX2e <2016/02/01>
Babel <3.9q> and hyphenation patterns for 81 language(s) loaded.
(/usr/share/texlive/texmf-dist/tex/latex/base/article.cls
Document Class: article 2014/09/29 v1.4h Standard LaTeX document class
(/usr/share/texlive/texmf-dist/tex/latex/base/size10.clo
File: size10.clo 2014/09/29 v1.4h Standard LaTeX file (size option)
)
\c@part=\count79
\c@section=\count80
\c@subsection=\count81
\c@subsubsection=\count82
\c@paragraph=\count83
\c@subparagraph=\count84
\c@figure=\count85
\c@table=\count86
\abovecaptionskip=\skip41
\belowcaptionskip=\skip42
\bibindent=\dimen102
)
(/usr/share/texlive/texmf-dist/tex/latex/base/inputenc.sty
Package: inputenc 2015/03/17 v1.2c Input encoding file
\inpenc@prehook=\toks14
\inpenc@posthook=\toks15

(/usr/share/texlive/texmf-dist/tex/latex/base/latin1.def
File: latin1.def 2015/03/17 v1.2c Input encoding file
))
(/usr/share/texlive/texmf-dist/tex/latex/amsmath/amsmath.sty
Package: amsmath 2016/03/03 v2.15a AMS math features
\@mathmargin=\skip43

For additional information on amsmath, use the `?' option.
(/usr/share/texlive/texmf-dist/tex/latex/amsmath/amstext.sty
Package: amstext 2000/06/29 v2.01 AMS text

(/usr/share/texlive/texmf-dist/tex/latex/amsmath/amsgen.sty
File: amsgen.sty 1999/11/30 v2.0 generic functions
\@emptytoks=\toks16
\ex@=\dimen103
))
(/usr/share/texlive/texmf-dist/tex/latex/amsmath/amsbsy.sty
Package: amsbsy 1999/11/29 v1.2d Bold Symbols
\pmbraise@=\dimen104
)
(/usr/share/texlive/texmf-dist/tex/latex/amsmath/amsopn.sty
Package: amsopn 1999/12/14 v2.01 operator names
)
\inf@bad=\count87
LaTeX Info: Redefining \frac on input line 199.
\uproot@=\count88
\leftroot@=\count89
LaTeX Info: Redefining \overline on input line 297.
\classnum@=\count90
\DOTSCASE@=\count91
LaTeX Info: Redefining \ldots on input line 394.
LaTeX Info: Redefining \dots on input line 397.
LaTeX Info: Redefining \cdots on input line 518.
\Mathstrutbox@=\box26
\strutbox@=\box27
\big@size=\dimen105
LaTeX Font Info:    Redeclaring font encoding OML on input line 630.
LaTeX Font Info:    Redeclaring font encoding OMS on input line 631.
\macc@depth=\count92
\c@MaxMatrixCols=\count93
\dotsspace@=\muskip10
\c@parentequation=\count94
\dspbrk@lvl=\count95
\tag@help=\toks17
\row@=\count96
\column@=\count97
\maxfields@=\count98
\andhelp@=\toks18
\eqnshift@=\dimen106
\alignsep@=\dimen107
\tagshift@=\dimen108
\tagwidth@=\dimen109
\totwidth@=\dimen110
\lineht@=\dimen111
\@envbody=\toks19
\multlinegap=\skip44
\multlinetaggap=\skip45
\mathdisplay@stack=\toks20
LaTeX Info: Redefining \[ on input line 2735.
LaTeX Info: Redefining \] on input line 2736.
)
(/usr/share/texlive/texmf-dist/tex/latex/amsfonts/amsfonts.sty
Package: amsfonts 2013/01/14 v3.01 Basic AMSFonts support
\symAMSa=\mathgroup4
\symAMSb=\mathgroup5
LaTeX Font Info:    Overwriting math alphabet `\mathfrak' in version `bold'
(Font)                  U/euf/m/n --> U/euf/b/n on input line 106.
)
(/usr/share/texlive/texmf-dist/tex/latex/amsfonts/amssymb.sty
Package: amssymb 2013/01/14 v3.01 AMS font symbols
)
(/usr/share/texlive/texmf-dist/tex/latex/graphics/graphicx.sty
Package: graphicx 2014/10/28 v1.0g Enhanced LaTeX Graphics (DPC,SPQR)

(/usr/share/texlive/texmf-dist/tex/latex/graphics/keyval.sty
Package: keyval 2014/10/28 v1.15 key=value parser (DPC)
\KV@toks@=\toks21
)
(/usr/share/texlive/texmf-dist/tex/latex/graphics/graphics.sty
Package: graphics 2016/01/03 v1.0q Standard LaTeX Graphics (DPC,SPQR)

(/usr/share/texlive/texmf-dist/tex/latex/graphics/trig.sty
Package: trig 2016/01/03 v1.10 sin cos tan (DPC)
)
(/usr/share/texlive/texmf-dist/tex/latex/latexconfig/graphics.cfg
File: graphics.cfg 2010/04/23 v1.9 graphics configuration of TeX Live
)
Package graphics Info: Driver file: pdftex.def on input line 95.

(/usr/share/texlive/texmf-dist/tex/latex/pdftex-def/pdftex.def
File: pdftex.def 2011/05/27 v0.06d Graphics/color for pdfTeX

(/usr/share/texlive/texmf-dist/tex/generic/oberdiek/infwarerr.sty
Package: infwarerr 2010/04/08 v1.3 Providing info/warning/error messages (HO)
)
(/usr/share/texlive/texmf-dist/tex/generic/oberdiek/ltxcmds.sty
Package: ltxcmds 2011/11/09 v1.22 LaTeX kernel commands for general use (HO)
)
\Gread@gobject=\count99
))
\Gin@req@height=\dimen112
\Gin@req@width=\dimen113
)
(/usr/share/texlive/texmf-dist/tex/latex/pdfpages/pdfpages.sty
Package: pdfpages 2015/09/18 v0.5d Insert pages of external PDF documents (AM)

(/usr/share/texlive/texmf-dist/tex/latex/base/ifthen.sty
Package: ifthen 2014/09/29 v1.1c Standard LaTeX ifthen package (DPC)
)
(/usr/share/texlive/texmf-dist/tex/latex/tools/calc.sty
Package: calc 2014/10/28 v4.3 Infix arithmetic (KKT,FJ)
\calc@Acount=\count100
\calc@Bcount=\count101
\calc@Adimen=\dimen114
\calc@Bdimen=\dimen115
\calc@Askip=\skip46
\calc@Bskip=\skip47
LaTeX Info: Redefining \setlength on input line 80.
LaTeX Info: Redefining \addtolength on input line 81.
\calc@Ccount=\count102
\calc@Cskip=\skip48
)
(/usr/share/texlive/texmf-dist/tex/latex/eso-pic/eso-pic.sty
Package: eso-pic 2015/07/21 v2.0g eso-pic (RN)

(/usr/share/texlive/texmf-dist/tex/generic/oberdiek/atbegshi.sty
Package: atbegshi 2011/10/05 v1.16 At begin shipout hook (HO)

(/usr/share/texlive/texmf-dist/tex/generic/oberdiek/ifpdf.sty
Package: ifpdf 2011/01/30 v2.3 Provides the ifpdf switch (HO)
Package ifpdf Info: pdfTeX in PDF mode is detected.
))
(/usr/share/texlive/texmf-dist/tex/latex/xcolor/xcolor.sty
Package: xcolor 2007/01/21 v2.11 LaTeX color extensions (UK)

(/usr/share/texlive/texmf-dist/tex/latex/latexconfig/color.cfg
File: color.cfg 2007/01/18 v1.5 color configuration of teTeX/TeXLive
)
Package xcolor Info: Driver file: pdftex.def on input line 225.
Package xcolor Info: Model `cmy' substituted by `cmy0' on input line 1337.
Package xcolor Info: Model `hsb' substituted by `rgb' on input line 1341.
Package xcolor Info: Model `RGB' extended on input line 1353.
Package xcolor Info: Model `HTML' substituted by `rgb' on input line 1355.
Package xcolor Info: Model `Hsb' substituted by `hsb' on input line 1356.
Package xcolor Info: Model `tHsb' substituted by `hsb' on input line 1357.
Package xcolor Info: Model `HSB' substituted by `hsb' on input line 1358.
Package xcolor Info: Model `Gray' substituted by `gray' on input line 1359.
Package xcolor Info: Model `wave' substituted by `hsb' on input line 1360.
))
\AM@pagewidth=\dimen116
\AM@pageheight=\dimen117

(/usr/share/texlive/texmf-dist/tex/latex/pdfpages/pppdftex.def
File: pppdftex.def 2015/09/18 v0.5d Pdfpages driver for pdfTeX (AM)
)
\AM@pagebox=\box28
\AM@toc@title=\toks22
\c@AM@survey=\count103
\AM@templatesizebox=\box29
)
(./smart_ps4.aux)
\openout1 = `smart_ps4.aux'.

LaTeX Font Info:    Checking defaults for OML/cmm/m/it on input line 12.
LaTeX Font Info:    ... okay on input line 12.
LaTeX Font Info:    Checking defaults for T1/cmr/m/n on input line 12.
LaTeX Font Info:    ... okay on input line 12.
LaTeX Font Info:    Checking defaults for OT1/cmr/m/n on input line 12.
LaTeX Font Info:    ... okay on input line 12.
LaTeX Font Info:    Checking defaults for OMS/cmsy/m/n on input line 12.
LaTeX Font Info:    ... okay on input line 12.
LaTeX Font Info:    Checking defaults for OMX/cmex/m/n on input line 12.
LaTeX Font Info:    ... okay on input line 12.
LaTeX Font Info:    Checking defaults for U/cmr/m/n on input line 12.
LaTeX Font Info:    ... okay on input line 12.
 (/usr/share/texlive/texmf-dist/tex/context/base/supp-pdf.mkii
[Loading MPS to PDF converter (version 2006.09.02).]
\scratchcounter=\count104
\scratchdimen=\dimen118
\scratchbox=\box30
\nofMPsegments=\count105
\nofMParguments=\count106
\everyMPshowfont=\toks23
\MPscratchCnt=\count107
\MPscratchDim=\dimen119
\MPnumerator=\count108
\makeMPintoPDFobject=\count109
\everyMPtoPDFconversion=\toks24
) (/usr/share/texlive/texmf-dist/tex/generic/oberdiek/pdftexcmds.sty
Package: pdftexcmds 2011/11/29 v0.20 Utility functions of pdfTeX for LuaTeX (HO
)

(/usr/share/texlive/texmf-dist/tex/generic/oberdiek/ifluatex.sty
Package: ifluatex 2010/03/01 v1.3 Provides the ifluatex switch (HO)
Package ifluatex Info: LuaTeX not detected.
)
Package pdftexcmds Info: LuaTeX not detected.
Package pdftexcmds Info: \pdf@primitive is available.
Package pdftexcmds Info: \pdf@ifprimitive is available.
Package pdftexcmds Info: \pdfdraftmode found.
)
(/usr/share/texlive/texmf-dist/tex/latex/oberdiek/epstopdf-base.sty
Package: epstopdf-base 2010/02/09 v2.5 Base part for package epstopdf

(/usr/share/texlive/texmf-dist/tex/latex/oberdiek/grfext.sty
Package: grfext 2010/08/19 v1.1 Manage graphics extensions (HO)

(/usr/share/texlive/texmf-dist/tex/generic/oberdiek/kvdefinekeys.sty
Package: kvdefinekeys 2011/04/07 v1.3 Define keys (HO)
))
(/usr/share/texlive/texmf-dist/tex/latex/oberdiek/kvoptions.sty
Package: kvoptions 2011/06/30 v3.11 Key value format for package options (HO)

(/usr/share/texlive/texmf-dist/tex/generic/oberdiek/kvsetkeys.sty
Package: kvsetkeys 2012/04/25 v1.16 Key value parser (HO)

(/usr/share/texlive/texmf-dist/tex/generic/oberdiek/etexcmds.sty
Package: etexcmds 2011/02/16 v1.5 Avoid name clashes with e-TeX commands (HO)
Package etexcmds Info: Could not find \expanded.
(etexcmds)             That can mean that you are not using pdfTeX 1.50 or
(etexcmds)             that some package has redefined \expanded.
(etexcmds)             In the latter case, load this package earlier.
)))
Package grfext Info: Graphics extension search list:
(grfext)             [.png,.pdf,.jpg,.mps,.jpeg,.jbig2,.jb2,.PNG,.PDF,.JPG,.JPE
G,.JBIG2,.JB2,.eps]
(grfext)             \AppendGraphicsExtensions on input line 452.

(/usr/share/texlive/texmf-dist/tex/latex/latexconfig/epstopdf-sys.cfg
File: epstopdf-sys.cfg 2010/07/13 v1.3 Configuration of (r)epstopdf for TeX Liv
e
))
\AtBeginShipoutBox=\box31

(/usr/share/texlive/texmf-dist/tex/latex/oberdiek/pdflscape.sty
Package: pdflscape 2008/08/11 v0.10 Display of landscape pages in PDF (HO)

(/usr/share/texlive/texmf-dist/tex/latex/graphics/lscape.sty
Package: lscape 2000/10/22 v3.01 Landscape Pages (DPC)
)
Package pdflscape Info: Auto-detected driver: pdftex on input line 80.

(/usr/share/texlive/texmf-dist/tex/generic/ifxetex/ifxetex.sty
Package: ifxetex 2010/09/12 v0.6 Provides ifxetex conditional
))
<smart_PHSX591_SolarFlaresAndCMEs_ps4.pdf, id=1, 614.295pt x 794.97pt>
File: smart_PHSX591_SolarFlaresAndCMEs_ps4.pdf Graphic file (type pdf)

<use smart_PHSX591_SolarFlaresAndCMEs_ps4.pdf>
Package pdftex.def Info: smart_PHSX591_SolarFlaresAndCMEs_ps4.pdf used on input
 line 13.
(pdftex.def)             Requested size: 614.29349pt x 794.96806pt.
File: smart_PHSX591_SolarFlaresAndCMEs_ps4.pdf Graphic file (type pdf)

<use smart_PHSX591_SolarFlaresAndCMEs_ps4.pdf>
Package pdftex.def Info: smart_PHSX591_SolarFlaresAndCMEs_ps4.pdf used on input
 line 13.
(pdftex.def)             Requested size: 614.29349pt x 794.96806pt.

<smart_PHSX591_SolarFlaresAndCMEs_ps4.pdf, id=4, page=1, 614.295pt x 794.97pt>
File: smart_PHSX591_SolarFlaresAndCMEs_ps4.pdf Graphic file (type pdf)

<use smart_PHSX591_SolarFlaresAndCMEs_ps4.pdf, page 1>
Package pdftex.def Info: smart_PHSX591_SolarFlaresAndCMEs_ps4.pdf, page1 used o
n input line 13.
(pdftex.def)             Requested size: 614.29349pt x 794.96806pt.
File: smart_PHSX591_SolarFlaresAndCMEs_ps4.pdf Graphic file (type pdf)

<use smart_PHSX591_SolarFlaresAndCMEs_ps4.pdf, page 1>
Package pdftex.def Info: smart_PHSX591_SolarFlaresAndCMEs_ps4.pdf, page1 used o
n input line 13.
(pdftex.def)             Requested size: 614.58406pt x 795.3441pt.
File: smart_PHSX591_SolarFlaresAndCMEs_ps4.pdf Graphic file (type pdf)

<use smart_PHSX591_SolarFlaresAndCMEs_ps4.pdf, page 1>
Package pdftex.def Info: smart_PHSX591_SolarFlaresAndCMEs_ps4.pdf, page1 used o
n input line 13.
(pdftex.def)             Requested size: 614.58406pt x 795.3441pt.
File: smart_PHSX591_SolarFlaresAndCMEs_ps4.pdf Graphic file (type pdf)

<use smart_PHSX591_SolarFlaresAndCMEs_ps4.pdf, page 1>
Package pdftex.def Info: smart_PHSX591_SolarFlaresAndCMEs_ps4.pdf, page1 used o
n input line 13.
(pdftex.def)             Requested size: 614.58406pt x 795.3441pt.
File: smart_PHSX591_SolarFlaresAndCMEs_ps4.pdf Graphic file (type pdf)

<use smart_PHSX591_SolarFlaresAndCMEs_ps4.pdf, page 1>
Package pdftex.def Info: smart_PHSX591_SolarFlaresAndCMEs_ps4.pdf, page1 used o
n input line 13.
(pdftex.def)             Requested size: 614.58406pt x 795.3441pt.
 [1

 <./smart_PHSX591_SolarFlaresAndCMEs_ps4.pdf{/var/lib/texmf/fonts/map/pdftex/up
dmap/pdftex.map}>]
<part_b.pdf, id=62, 615.7404pt x 794.84955pt>
File: part_b.pdf Graphic file (type pdf)
 <use part_b.pdf>
Package pdftex.def Info: part_b.pdf used on input line 14.
(pdftex.def)             Requested size: 615.73889pt x 794.8476pt.
File: part_b.pdf Graphic file (type pdf)

<use part_b.pdf>
Package pdftex.def Info: part_b.pdf used on input line 14.
(pdftex.def)             Requested size: 615.73889pt x 794.8476pt.
 <part_b.pdf, id=65, page=1, 615.7404pt x 794.84955pt>
File: part_b.pdf Graphic file (type pdf)

<use part_b.pdf, page 1>
Package pdftex.def Info: part_b.pdf, page1 used on input line 14.
(pdftex.def)             Requested size: 615.73889pt x 794.8476pt.
File: part_b.pdf Graphic file (type pdf)
 <use part_b.pdf, page 1>
Package pdftex.def Info: part_b.pdf, page1 used on input line 14.
(pdftex.def)             Requested size: 615.02483pt x 793.92583pt.
File: part_b.pdf Graphic file (type pdf)
 <use part_b.pdf, page 1>
Package pdftex.def Info: part_b.pdf, page1 used on input line 14.
(pdftex.def)             Requested size: 615.02483pt x 793.92583pt.
File: part_b.pdf Graphic file (type pdf)

<use part_b.pdf, page 1>
Package pdftex.def Info: part_b.pdf, page1 used on input line 14.
(pdftex.def)             Requested size: 615.02483pt x 793.92583pt.
File: part_b.pdf Graphic file (type pdf)
 <use part_b.pdf, page 1>
Package pdftex.def Info: part_b.pdf, page1 used on input line 14.
(pdftex.def)             Requested size: 615.02483pt x 793.92583pt.
 [2 <./part_b.pdf>]
<part_b.pdf, id=84, page=2, 615.7404pt x 794.84955pt>
File: part_b.pdf Graphic file (type pdf)
 <use part_b.pdf, page 2>
Package pdftex.def Info: part_b.pdf, page2 used on input line 14.
(pdftex.def)             Requested size: 615.02483pt x 793.92583pt.
File: part_b.pdf Graphic file (type pdf)

<use part_b.pdf, page 2>
Package pdftex.def Info: part_b.pdf, page2 used on input line 14.
(pdftex.def)             Requested size: 615.02483pt x 793.92583pt.
File: part_b.pdf Graphic file (type pdf)
 <use part_b.pdf, page 2>
Package pdftex.def Info: part_b.pdf, page2 used on input line 14.
(pdftex.def)             Requested size: 615.02483pt x 793.92583pt.
 [3 <./part_b.pdf>]
<part_b.pdf, id=89, page=3, 615.7404pt x 794.84955pt>
File: part_b.pdf Graphic file (type pdf)
 <use part_b.pdf, page 3>
Package pdftex.def Info: part_b.pdf, page3 used on input line 14.
(pdftex.def)             Requested size: 615.02483pt x 793.92583pt.
File: part_b.pdf Graphic file (type pdf)

<use part_b.pdf, page 3>
Package pdftex.def Info: part_b.pdf, page3 used on input line 14.
(pdftex.def)             Requested size: 615.02483pt x 793.92583pt.
File: part_b.pdf Graphic file (type pdf)
 <use part_b.pdf, page 3>
Package pdftex.def Info: part_b.pdf, page3 used on input line 14.
(pdftex.def)             Requested size: 615.02483pt x 793.92583pt.
 [4 <./part_b.pdf>]
File: smart_PHSX591_SolarFlaresAndCMEs_ps4.pdf Graphic file (type pdf)

<use smart_PHSX591_SolarFlaresAndCMEs_ps4.pdf>
Package pdftex.def Info: smart_PHSX591_SolarFlaresAndCMEs_ps4.pdf used on input
 line 15.
(pdftex.def)             Requested size: 614.29349pt x 794.96806pt.
File: smart_PHSX591_SolarFlaresAndCMEs_ps4.pdf Graphic file (type pdf)

<use smart_PHSX591_SolarFlaresAndCMEs_ps4.pdf>
Package pdftex.def Info: smart_PHSX591_SolarFlaresAndCMEs_ps4.pdf used on input
 line 15.
(pdftex.def)             Requested size: 614.29349pt x 794.96806pt.

<smart_PHSX591_SolarFlaresAndCMEs_ps4.pdf, id=96, page=2, 614.295pt x 794.97pt>
File: smart_PHSX591_SolarFlaresAndCMEs_ps4.pdf Graphic file (type pdf)
<use smart_PHSX591_SolarFlaresAndCMEs_ps4.pdf, page 2>
Package pdftex.def Info: smart_PHSX591_SolarFlaresAndCMEs_ps4.pdf, page2 used o
n input line 15.
(pdftex.def)             Requested size: 614.29349pt x 794.96806pt.
File: smart_PHSX591_SolarFlaresAndCMEs_ps4.pdf Graphic file (type pdf)

<use smart_PHSX591_SolarFlaresAndCMEs_ps4.pdf, page 2>
Package pdftex.def Info: smart_PHSX591_SolarFlaresAndCMEs_ps4.pdf, page2 used o
n input line 15.
(pdftex.def)             Requested size: 614.58406pt x 795.3441pt.
File: smart_PHSX591_SolarFlaresAndCMEs_ps4.pdf Graphic file (type pdf)

<use smart_PHSX591_SolarFlaresAndCMEs_ps4.pdf, page 2>
Package pdftex.def Info: smart_PHSX591_SolarFlaresAndCMEs_ps4.pdf, page2 used o
n input line 15.
(pdftex.def)             Requested size: 614.58406pt x 795.3441pt.
File: smart_PHSX591_SolarFlaresAndCMEs_ps4.pdf Graphic file (type pdf)

<use smart_PHSX591_SolarFlaresAndCMEs_ps4.pdf, page 2>
Package pdftex.def Info: smart_PHSX591_SolarFlaresAndCMEs_ps4.pdf, page2 used o
n input line 15.
(pdftex.def)             Requested size: 614.58406pt x 795.3441pt.
File: smart_PHSX591_SolarFlaresAndCMEs_ps4.pdf Graphic file (type pdf)

<use smart_PHSX591_SolarFlaresAndCMEs_ps4.pdf, page 2>
Package pdftex.def Info: smart_PHSX591_SolarFlaresAndCMEs_ps4.pdf, page2 used o
n input line 15.
(pdftex.def)             Requested size: 614.58406pt x 795.3441pt.
 [5 <./smart_PHSX591_SolarFlaresAndCMEs_ps4.pdf>]
<smart_PHSX591_SolarFlaresAndCMEs_ps4.pdf, id=138, page=3, 614.295pt x 794.97pt
>
File: smart_PHSX591_SolarFlaresAndCMEs_ps4.pdf Graphic file (type pdf)
 <use smart_PHSX591_SolarFlaresAndCMEs_ps4.pdf, page 3>
Package pdftex.def Info: smart_PHSX591_SolarFlaresAndCMEs_ps4.pdf, page3 used o
n input line 15.
(pdftex.def)             Requested size: 614.58406pt x 795.3441pt.
File: smart_PHSX591_SolarFlaresAndCMEs_ps4.pdf Graphic file (type pdf)

<use smart_PHSX591_SolarFlaresAndCMEs_ps4.pdf, page 3>
Package pdftex.def Info: smart_PHSX591_SolarFlaresAndCMEs_ps4.pdf, page3 used o
n input line 15.
(pdftex.def)             Requested size: 614.58406pt x 795.3441pt.
File: smart_PHSX591_SolarFlaresAndCMEs_ps4.pdf Graphic file (type pdf)

<use smart_PHSX591_SolarFlaresAndCMEs_ps4.pdf, page 3>
Package pdftex.def Info: smart_PHSX591_SolarFlaresAndCMEs_ps4.pdf, page3 used o
n input line 15.
(pdftex.def)             Requested size: 614.58406pt x 795.3441pt.
 [6 <./smart_PHSX591_SolarFlaresAndCMEs_ps4.pdf>]
<smart_PHSX591_SolarFlaresAndCMEs_ps4.pdf, id=150, page=4, 614.295pt x 794.97pt
>
File: smart_PHSX591_SolarFlaresAndCMEs_ps4.pdf Graphic file (type pdf)
 <use smart_PHSX591_SolarFlaresAndCMEs_ps4.pdf, page 4>
Package pdftex.def Info: smart_PHSX591_SolarFlaresAndCMEs_ps4.pdf, page4 used o
n input line 15.
(pdftex.def)             Requested size: 614.58406pt x 795.3441pt.
File: smart_PHSX591_SolarFlaresAndCMEs_ps4.pdf Graphic file (type pdf)

<use smart_PHSX591_SolarFlaresAndCMEs_ps4.pdf, page 4>
Package pdftex.def Info: smart_PHSX591_SolarFlaresAndCMEs_ps4.pdf, page4 used o
n input line 15.
(pdftex.def)             Requested size: 614.58406pt x 795.3441pt.
File: smart_PHSX591_SolarFlaresAndCMEs_ps4.pdf Graphic file (type pdf)

<use smart_PHSX591_SolarFlaresAndCMEs_ps4.pdf, page 4>
Package pdftex.def Info: smart_PHSX591_SolarFlaresAndCMEs_ps4.pdf, page4 used o
n input line 15.
(pdftex.def)             Requested size: 614.58406pt x 795.3441pt.
 [7 <./smart_PHSX591_SolarFlaresAndCMEs_ps4.pdf>]
<smart_PHSX591_SolarFlaresAndCMEs_ps4.pdf, id=156, page=5, 614.295pt x 794.97pt
>
File: smart_PHSX591_SolarFlaresAndCMEs_ps4.pdf Graphic file (type pdf)
 <use smart_PHSX591_SolarFlaresAndCMEs_ps4.pdf, page 5>
Package pdftex.def Info: smart_PHSX591_SolarFlaresAndCMEs_ps4.pdf, page5 used o
n input line 15.
(pdftex.def)             Requested size: 614.58406pt x 795.3441pt.
File: smart_PHSX591_SolarFlaresAndCMEs_ps4.pdf Graphic file (type pdf)

<use smart_PHSX591_SolarFlaresAndCMEs_ps4.pdf, page 5>
Package pdftex.def Info: smart_PHSX591_SolarFlaresAndCMEs_ps4.pdf, page5 used o
n input line 15.
(pdftex.def)             Requested size: 614.58406pt x 795.3441pt.
File: smart_PHSX591_SolarFlaresAndCMEs_ps4.pdf Graphic file (type pdf)

<use smart_PHSX591_SolarFlaresAndCMEs_ps4.pdf, page 5>
Package pdftex.def Info: smart_PHSX591_SolarFlaresAndCMEs_ps4.pdf, page5 used o
n input line 15.
(pdftex.def)             Requested size: 614.58406pt x 795.3441pt.
 [8 <./smart_PHSX591_SolarFlaresAndCMEs_ps4.pdf>] (./smart_ps4.aux) ) 
Here is how much of TeX's memory you used:
 3690 strings out of 493029
 51030 string characters out of 6136234
 117091 words of memory out of 5000000
 7179 multiletter control sequences out of 15000+600000
 3640 words of font info for 14 fonts, out of 8000000 for 9000
 1141 hyphenation exceptions out of 8191
 40i,18n,46p,235b,420s stack positions out of 5000i,500n,10000p,200000b,80000s

Output written on smart_ps4.pdf (8 pages, 1824520 bytes).
PDF statistics:
 165 PDF objects out of 1000 (max. 8388607)
 105 compressed objects within 2 object streams
 0 named destinations out of 1000 (max. 500000)
 81 words of extra memory for PDF output out of 10000 (max. 10000000)

